"2023-09-22 18:32:15 - Starting GlobalExceptionEmpoyeeAppApplication using Java 17.0.7 on DESKTOP-31SS8BM with PID 15132 (E:\Projects\GlobalExceptionEmpoyee_App\target\classes started by rcadmin in E:\Projects\GlobalExceptionEmpoyee_App)
""2023-09-22 18:32:15 - Running with Spring Boot v2.7.16-SNAPSHOT, Spring v5.3.30
""2023-09-22 18:32:15 - No active profile set, falling back to 1 default profile: "default"
""2023-09-22 18:32:16 - Bootstrapping Spring Data JPA repositories in DEFAULT mode.
""2023-09-22 18:32:16 - Finished Spring Data repository scanning in 42 ms. Found 1 JPA repository interfaces.
""2023-09-22 18:32:17 - Tomcat initialized with port(s): 8182 (http)
""2023-09-22 18:32:17 - Starting service [Tomcat]
""2023-09-22 18:32:17 - Starting Servlet engine: [Apache Tomcat/9.0.80]
""2023-09-22 18:32:17 - Initializing Spring embedded WebApplicationContext
""2023-09-22 18:32:17 - Root WebApplicationContext: initialization completed in 1307 ms
""2023-09-22 18:32:17 - HikariPool-1 - Starting...
""2023-09-22 18:32:17 - HikariPool-1 - Start completed.
""2023-09-22 18:32:17 - H2 console available at '/h2-console'. Database available at 'jdbc:h2:mem:dcbapp'
""2023-09-22 18:32:18 - Initialized JPA EntityManagerFactory for persistence unit 'default'
""2023-09-22 18:32:18 - spring.jpa.open-in-view is enabled by default. Therefore, database queries may be performed during view rendering. Explicitly configure spring.jpa.open-in-view to disable this warning
""2023-09-22 18:32:19 - Tomcat started on port(s): 8182 (http) with context path ''
""2023-09-22 18:32:19 - Started GlobalExceptionEmpoyeeAppApplication in 3.696 seconds (JVM running for 4.672)
""2023-09-22 18:34:23 - Application shutdown requested.
""2023-09-22 18:34:23 - Stopping service [Tomcat]
""2023-09-22 18:34:23 - Closing JPA EntityManagerFactory for persistence unit 'default'
""2023-09-22 18:34:23 - HikariPool-1 - Shutdown initiated...
""2023-09-22 18:34:23 - HikariPool-1 - Shutdown completed.
"